2.569945414662361
2.4088085186481476
2.357196837067604
2.3395552492141722
2.333690624833107
2.3062801337242127
2.288028607964516
2.2860718047618866
2.2623816817998885
2.248659048676491
2.263870668411255
2.2283177655935287
2.2336793720722197
2.2173807442188265
2.195605667233467
2.1879343181848525
2.1608761036396027
2.1284314185380935
2.0693804055452345
2.052048324346542
2.0009115314483643
1.9716217941045762
1.9408526009321212
1.845849750638008
1.840858981013298
1.7718382465839386
1.6395888364315032
1.5577481120824814
1.4838899138569832
1.3813573789596558
1.280540528446436
1.2027423119544982
1.0982605247199535
1.02091609954834
0.9636498887836933
0.8671729499101639
0.8504154878854752
0.7778796975314617
0.7769329094141721
0.7416825892031192
0.7222552598640323
0.6969417702034115
0.653944512102753
0.5953536737151444
0.6473131192848086
0.6228996087238192
0.6549344235658645
0.5652981196250767
0.6230676160380244
0.5192514702491462
0.545913913436234
0.5101897509768605
0.5251256718765944
0.5026307700201869
0.534968067407608
0.46991019884124396
0.450563755389303
0.4757744060689583
0.46522374384105203
0.46331019992008804
0.4352872316073626
0.4295869111502543
0.41095053154975175
0.4398360302718356
0.44630784903652965
0.4178019957430661
0.42761503232643006
0.3856974719185382
0.43018144379369916
0.4033010107441805
0.38053622995503245
0.3910186824109405
0.4183277661120519
0.36789150517899544
0.3990453468868509
0.34911209099227564
0.36321583286859094
0.35544118771329525
0.37804811842739583
0.30915979601675647
0.36291771412827073
0.3538475966546685
0.3611851898347959
0.32484848782652986
0.3554752770811319
0.3119954952015542
0.3303980160644278
0.31408271777210756
0.31858411823865024
0.33538423604797574
0.3251488630101085
0.3141624890337698
0.32023117688950153
0.3325453530473169
0.30164389913668854
0.32165342262713237
0.30498558666557074
0.306131825838238
0.3140843689767644
0.28472341669839807
0.2710517558874562
0.32460085762664675
0.2749666106700897
0.3175641378434375
0.28453664283500985
0.30081284845480694
0.2846585307898931
0.295104327154113
0.2799694072734564
0.28144471063744275
0.2568443098978605
0.26179341903305614
0.28020872763590887
0.2614265943784267
0.2603571582143195
0.26099766746279784
0.28419302052934653
0.2607946180808358
0.2505170035688207
0.2805237476178445
0.2516751138260588
0.2692474285559729
0.2593003956740722
0.23504603178589606
0.2661514035111759
0.23466316373553128
0.2552645576663781
0.24621214428101668
0.23469530767411925
0.24133402638253756
0.23062961742747576
0.2351441735564731
0.244460487581091
0.2569881632970646
0.21778373305569404
0.2280545754218474
0.217936790935928
0.2133090850710869
0.23004463923629373
0.22314092367189006
0.2078054419811815
0.19338842688594013
0.1943693722295575
0.19843653803225605
0.21124729526927694
0.2268025626812596
0.18910253817448391
0.21271185789140873
0.20708433338208124
0.1952908298361581
0.21043079804396256
0.22327078832488043
0.1903514664026443
0.21646494981250725
0.21210572585987392
0.19629016196005977
0.2010952448437456
0.18222778624622152
0.2064616348443087
0.22097834181273357
0.22317397895734759
0.20020363028161228
0.20664289316278883
0.1979733368358575
0.1870151234359946
0.20100093895394822
0.18176536574377677
0.1908042992639821
0.19337176448549143
0.1739743047382217
0.20782884342945182
0.18241189377731643
0.18366107963141987
0.19768000360345467
0.19874116648570633
0.19292323648929596
0.16340082242677453
0.17054391602403485
0.18300722444313577
0.1769943539763335
0.1737235410377616
0.18990484228357674
0.19151264504529536
0.16426829362637363
0.1770649024564773
0.1768861905008089
0.18388707355363296
0.16977671454602386
0.1848474213294685
0.17664180489839054
0.15460601065133234
0.15388853405136615
0.1652444405690767
0.17193746122939046
0.16378345659642946
0.16114274078048765
0.16290068976115435
0.1508231062302366
0.17970943589461968
0.16632937326678074
0.14399854671908544
0.1506886340735946
0.180775097416481
0.16897265700215938
0.146193566416041
0.16505415222491138
0.17930329208902548
0.1528633539544535
0.14263234135345557
0.15646048049791716
0.15008889021293725
0.14278314038412646
0.16395167463982943
0.17694939457695
0.14726085770817007
0.13959171697555575
0.1812206904386403
0.15930992358596996
0.14843389169953297
0.13915887118055253
0.1453086797223659
0.12175408790120855
0.14706616587296595
0.14664470732794144
0.14608698980126064
0.13933258602046408
0.15095690387883223
0.14652748703432736
0.13233756982255726
0.1684178376820637
0.14659327655739618
0.138151958573726
0.14935704318515491
0.1241889800116769
0.1492798804101767
0.1262121030979324
0.13232552509289236
0.14276779023872221
0.1340137764273095
0.13573027220903897
0.13068605209642556
0.11787049511476652
0.12914759326551575
0.12764077095722315
0.13500203811330722
0.15093512949475552
0.13200511324917896
0.1477498289453797
0.13891718637780287
0.13618135337892454
0.10714600339706522
0.10399398581386776
0.13208024681080133
0.1252081658699899
0.11942955478734803
0.12435625961166806
0.12840269671200077
0.14734772013791372
0.1297554314849549
0.13078602795721964
0.1206024246767629
0.12235095693904441
0.12900460929318797
0.11223211172851734
0.12920577610610054
0.13362177449278534
0.12336033935542218
0.12169680962455459
0.12328895628452301
0.11904620030603837
0.09839304807246663
0.13119006596301916
0.1276678499233094
0.12644035914068807
0.12687314244336448
0.1265768542108708
0.10704114917549305
0.12757759118656395
0.12772530059271958
0.13347447922453284
0.11998583329550457
0.10090777180099395
0.11361419340246356
0.13337760352762415
0.10889193023904227
0.12073151944816346
0.11807454714464256
0.11576180040312466
0.12197150135616538
0.11150133906368864
0.12110271033190656
0.11954835237644147
0.12249208807945251
0.11408503267215565
0.12428313935466577
0.11702808595087845
0.12337748585443478
0.120955823683762
0.09733537372318096
0.11992913000431145
0.11672192275029375
0.11385126828885404
0.10363091482053279
0.11419597344240173
0.092660047863028
0.11744987765821861
0.11767030093295033
0.11520863887155429
0.09626356634049443
0.09617505233210977
0.1092823619900446
0.12724506682687206
0.10283588636142667
0.10373243809677661
0.11350852831383236
0.11028091420041164
0.09124256084003718
0.10216467944264877
0.1224825261841761
0.10784352176240646
0.0994839635794051
0.10377239979687147
0.10866447128471918
0.09070568478666247
0.10459627511241706
0.11155586902314099
0.1053367388623883
0.10666706094460096
0.1019518421497196
0.11379707292246166
0.10205036936502437
0.09507363588636508
0.10152272339531919
0.11814265862194588
0.0993452044276637
0.11565285610413412
0.10529657718871022
0.10031872382038273
0.09359928641177248
0.08720778866583714
0.10385849798854906
0.10970746567851165
0.11227191012556431
0.10678547726885881
0.09684815709159011
0.09892638932127738
0.11376408581854776
0.10149589521810412
0.08831995590619045
0.0983020644512726
0.10536114460875978
0.08967477218888234
0.10377868615090848
0.09286571681441273
0.09620097603707109
0.10751322319032625
0.11093072981748264
0.11255580941273365
0.08488041598553536
0.0915249467358808
0.1047886453132378
0.11792370986106107
0.11323188893831684
0.10647213640419068
0.10357456436875509
0.08558042392833158
0.08386518629849889
0.10425125161622419
0.09937797648570268
0.1055776702897856
0.09858558273233939
0.08304019420611439
0.09539058872280293
0.08875498969398904
0.09853815978247439
0.08201821996830404
0.09144633293850347
0.08728167010704055
0.0939154527921346
0.09367547833753634
0.09980024933131063
0.0966470216421294
0.11008880601002602
0.08754818240413442
0.09412463759465027
0.08263786177471047
0.10374804444902111
0.11584189552027965
0.08462273766170256
0.07465111289639026
0.08996205155912321
0.08571462854728452
0.10218915989855304
0.09091568093426758
0.09869701402378268
0.100539409526682
0.09931434108439134
0.06967983241906041
0.0965324742696248
0.09282983428041916
0.08633214100787882
0.08753353259933647
0.10356779444875429
0.07576474106739624
0.08622029690930504
0.08854457167442888
0.10462323281506541
0.09084016769047594
0.0904050034644024
0.0833894977014279
0.08566965774472919
0.08318734882253921
0.0903618810250191
0.09372777901546214
0.0938824958569603
0.08552306432306069
0.08983597829123027
0.08540480053241481
0.09062059079762548
0.09227197541084024
0.08609493898329675
0.08449794918793486
0.08049570329414564
0.08171680663683219
0.09510361865337473
0.0879392362634826
0.09187840647005942
0.0749479283778055
0.08510149362671654
0.08167079077917151
0.06451688607950928
0.08998249943717383
0.08740215224592247
0.09191633506445214
0.08137193103058962
0.08333997139212443
0.08717599296593108
0.08162818404947757
0.08380112641665619
0.08515465834068892
0.06572636286407942
0.07587611596201896
0.09585578459576936
0.0761969894907088
0.08487481399643002
0.08183900481351884
0.0913520677917404
0.06799338298471412
0.09411305560817709
0.09016167410925846
0.08475366426486289
0.0856872439791914
0.08251459520310163
0.07800558500894113
0.086851217092335
0.07919874046259792
0.07775773695582756
0.07368424551561475
0.08287467330774234
0.08554228323191637
0.08430131740809883
0.08646710109736887
0.07773847133677919
0.06871076899420586
0.09305415426933905
0.08992960155679612
0.0888102096618968
0.07533994562516455
0.07518602563664899
0.09428287386894225
0.073246478283545
0.07926352483802475
0.08872388532239711
0.07619871179718757
0.08896192377840634
0.07867388688784559
0.08017870458366815
0.0704791432232014
0.07670795480196829
0.07651065424259286
0.09670499404033762
0.08676263626985019
0.08066464791132603
0.07275967326306272
0.08718615688645513
0.10011930378139368
0.07422272328578401
0.07465768126785406
0.07323706762545043
0.08896558694104897
0.07479737878544256
0.08248588364134775
0.09600672025146195
0.07587693760957336
0.0745914773180266
0.08509194712183671
0.07477198693261017
0.10331371811684222
0.083492563785112
0.07126830909895944
0.07868292660088627
0.07873024024353072
0.08319793958842638
0.07930755904817488
0.07738949634294841
0.07923414716555272
0.07493431629511178
0.07165518979498302
0.07095082229963737
0.08300737562691211
0.08048234260437312
0.0721140188947902
0.07837109075859189
0.08332072900622733
0.06945362405531341
0.07316161249327706
0.08517899683414726
0.07805179485760164
0.08409618842822965
0.06435324686346576
0.07464380304256338
0.07630162383429706
0.07636144729127409
0.08036902970867231
0.08920730107725831
0.07466863620065851
0.07438136532538919
0.08516083404887467
0.06280746490840101
0.07583016085118288
0.06916994267652626
0.0779143940571521
0.0681950793467695
0.08225598355900729
0.07264575648325262
0.08363626932856277
0.0694060771020304
0.07985955149721122
0.06833823679029592
0.07014757305034436
0.07132483913213945
0.06364016960185837
0.08131566327720066
0.07283031643455615
0.07636001463368303
0.07504705808809377
0.07557638359314296
0.08234820097321062
0.08437490627271473
0.06529567186371424
0.06411032755124324
0.08502494518805179
0.06753249644709286
0.08900784424564336
0.08121556684025563
0.06278223605739186
0.06766576827241806
0.06702119520297856
0.08795433524850522
0.08204678201582283
0.0751747914313455
0.0666798856598325
0.07174168520839885
0.07509768454154254
0.0870904407146736
0.06875417986622778
0.07447220670801472
0.06719685283023864
0.07236144541573594
0.0731201229247381
0.06168089439248434
0.07368357535568065
0.06543034179630922
0.05890043396284454
0.06551988983366755
0.07197099263539712
0.07377513976796762
0.07184881836903514
0.07586003678268753
0.06259264892432839
0.08132450326243998
0.06165795493478072
0.06320050838941825
0.0737279374623904
0.07114675552889821
0.08928084783285158
0.07508372992655495
0.07665482680371496
0.06748981972879847
0.07035830365668516
0.0807470341170847
0.06809180281226873
0.07346531212766422
0.07871045545703964
0.07312810638948576
0.06792758425595821
0.06455679674661952
0.07047656429494964
0.08012824162753532
0.06451783433483797
0.07166534494783264
0.0741120428321301
0.0705826799973147
0.06479230035431101
0.07027207211096538
0.07140174493470113
0.08176904473642935
0.07028228244031197
0.0651434233317559
0.05936770529457135
0.0632547328871442
0.07298015137552284
0.06128262224796344
0.0752513814199483
0.06509722387476359
0.0714442704243993
0.07252030089643086
0.07830295085339457
0.06742794552039413
0.0824741331464611
0.07646948064677417
0.06459370402109926
0.07865886712999781
0.05609696432948112
0.06592404406517743
0.06669259868736845
0.06183721883455291
0.06799413025175455
0.0704732717427396
0.06932123411999783
0.06324550889519742
0.06960823915913351
0.06317604940297315
0.07289786680834368
0.07065207316714804
0.06433758326049428
0.06088815520080971
0.07590020946881851
WARNING:torch.distributed.elastic.agent.server.api:Received 1 death signal, shutting down workers
WARNING:torch.distributed.elastic.multiprocessing.api:Sending process 1871248 closing signal SIGHUP
WARNING:torch.distributed.elastic.multiprocessing.api:Sending process 1871249 closing signal SIGHUP
WARNING:torch.distributed.elastic.multiprocessing.api:Sending process 1871250 closing signal SIGHUP
WARNING:torch.distributed.elastic.multiprocessing.api:Sending process 1871251 closing signal SIGHUP
ERROR:torch.distributed.elastic.multiprocessing.errors.error_handler:{
  "message": {
    "message": "SignalException: Process 1871231 got signal: 1",
    "extraInfo": {
      "py_callstack": "Traceback (most recent call last):\n  File \"/home/z37mao/anaconda3/envs/genova_torch/lib/python3.9/site-packages/torch/distributed/elastic/multiprocessing/errors/__init__.py\", line 345, in wrapper\n    return f(*args, **kwargs)\n  File \"/home/z37mao/anaconda3/envs/genova_torch/lib/python3.9/site-packages/torch/distributed/run.py\", line 719, in main\n    run(args)\n  File \"/home/z37mao/anaconda3/envs/genova_torch/lib/python3.9/site-packages/torch/distributed/run.py\", line 710, in run\n    elastic_launch(\n  File \"/home/z37mao/anaconda3/envs/genova_torch/lib/python3.9/site-packages/torch/distributed/launcher/api.py\", line 131, in __call__\n    return launch_agent(self._config, self._entrypoint, list(args))\n  File \"/home/z37mao/anaconda3/envs/genova_torch/lib/python3.9/site-packages/torch/distributed/launcher/api.py\", line 252, in launch_agent\n    result = agent.run()\n  File \"/home/z37mao/anaconda3/envs/genova_torch/lib/python3.9/site-packages/torch/distributed/elastic/metrics/api.py\", line 125, in wrapper\n    result = f(*args, **kwargs)\n  File \"/home/z37mao/anaconda3/envs/genova_torch/lib/python3.9/site-packages/torch/distributed/elastic/agent/server/api.py\", line 709, in run\n    result = self._invoke_run(role)\n  File \"/home/z37mao/anaconda3/envs/genova_torch/lib/python3.9/site-packages/torch/distributed/elastic/agent/server/api.py\", line 843, in _invoke_run\n    time.sleep(monitor_interval)\n  File \"/home/z37mao/anaconda3/envs/genova_torch/lib/python3.9/site-packages/torch/distributed/elastic/multiprocessing/api.py\", line 60, in _terminate_process_handler\n    raise SignalException(f\"Process {os.getpid()} got signal: {sigval}\", sigval=sigval)\ntorch.distributed.elastic.multiprocessing.api.SignalException: Process 1871231 got signal: 1\n",
      "timestamp": "1645825036"
    }
  }
}
Traceback (most recent call last):
  File "/home/z37mao/anaconda3/envs/genova_torch/bin/torchrun", line 33, in <module>
    sys.exit(load_entry_point('torch==1.10.2', 'console_scripts', 'torchrun')())
  File "/home/z37mao/anaconda3/envs/genova_torch/lib/python3.9/site-packages/torch/distributed/elastic/multiprocessing/errors/__init__.py", line 345, in wrapper
    return f(*args, **kwargs)
  File "/home/z37mao/anaconda3/envs/genova_torch/lib/python3.9/site-packages/torch/distributed/run.py", line 719, in main
    run(args)
  File "/home/z37mao/anaconda3/envs/genova_torch/lib/python3.9/site-packages/torch/distributed/run.py", line 710, in run
    elastic_launch(
  File "/home/z37mao/anaconda3/envs/genova_torch/lib/python3.9/site-packages/torch/distributed/launcher/api.py", line 131, in __call__
    return launch_agent(self._config, self._entrypoint, list(args))
  File "/home/z37mao/anaconda3/envs/genova_torch/lib/python3.9/site-packages/torch/distributed/launcher/api.py", line 252, in launch_agent
    result = agent.run()
  File "/home/z37mao/anaconda3/envs/genova_torch/lib/python3.9/site-packages/torch/distributed/elastic/metrics/api.py", line 125, in wrapper
    result = f(*args, **kwargs)
  File "/home/z37mao/anaconda3/envs/genova_torch/lib/python3.9/site-packages/torch/distributed/elastic/agent/server/api.py", line 709, in run
    result = self._invoke_run(role)
  File "/home/z37mao/anaconda3/envs/genova_torch/lib/python3.9/site-packages/torch/distributed/elastic/agent/server/api.py", line 843, in _invoke_run
    time.sleep(monitor_interval)
  File "/home/z37mao/anaconda3/envs/genova_torch/lib/python3.9/site-packages/torch/distributed/elastic/multiprocessing/api.py", line 60, in _terminate_process_handler
    raise SignalException(f"Process {os.getpid()} got signal: {sigval}", sigval=sigval)
torch.distributed.elastic.multiprocessing.api.SignalException: Process 1871231 got signal: 1
